2024-04-15 19:33:50.4223|DEBUG|Microsoft.AspNetCore.Mvc.ModelBinding.ModelBinderFactory|Registered model binder providers, in the following order: Microsoft.AspNetCore.Mvc.ModelBinding.Binders.BinderTypeModelBinderProvider, Microsoft.AspNetCore.Mvc.ModelBinding.Binders.ServicesModelBinderProvider, Microsoft.AspNetCore.Mvc.ModelBinding.Binders.BodyModelBinderProvider, Microsoft.AspNetCore.Mvc.ModelBinding.Binders.HeaderModelBinderProvider, Microsoft.AspNetCore.Mvc.ModelBinding.Binders.FloatingPointTypeModelBinderProvider, Microsoft.AspNetCore.Mvc.ModelBinding.Binders.EnumTypeModelBinderProvider, Microsoft.AspNetCore.Mvc.ModelBinding.Binders.DateTimeModelBinderProvider, Microsoft.AspNetCore.Mvc.ModelBinding.Binders.SimpleTypeModelBinderProvider, Microsoft.AspNetCore.Mvc.ModelBinding.Binders.CancellationTokenModelBinderProvider, Microsoft.AspNetCore.Mvc.ModelBinding.Binders.ByteArrayModelBinderProvider, Microsoft.AspNetCore.Mvc.ModelBinding.Binders.FormFileModelBinderProvider, Microsoft.AspNetCore.Mvc.ModelBinding.Binders.FormCollectionModelBinderProvider, Microsoft.AspNetCore.Mvc.ModelBinding.Binders.KeyValuePairModelBinderProvider, Microsoft.AspNetCore.Mvc.ModelBinding.Binders.DictionaryModelBinderProvider, Microsoft.AspNetCore.Mvc.ModelBinding.Binders.ArrayModelBinderProvider, Microsoft.AspNetCore.Mvc.ModelBinding.Binders.CollectionModelBinderProvider, Microsoft.AspNetCore.Mvc.ModelBinding.Binders.ComplexObjectModelBinderProvider
2024-04-15 19:33:50.7198|DEBUG|Microsoft.Extensions.Hosting.Internal.Host|Hosting starting
2024-04-15 19:33:50.8198|INFO|Microsoft.AspNetCore.DataProtection.KeyManagement.XmlKeyManager|User profile is available. Using 'C:\Users\wshma\AppData\Local\ASP.NET\DataProtection-Keys' as key repository and Windows DPAPI to encrypt keys at rest.
2024-04-15 19:33:50.8226|DEBUG|Microsoft.AspNetCore.DataProtection.Repositories.FileSystemXmlRepository|Reading data from file 'C:\Users\wshma\AppData\Local\ASP.NET\DataProtection-Keys\key-0d18af51-81c9-49e2-8d84-5e0562073bbc.xml'.
2024-04-15 19:33:50.8373|DEBUG|Microsoft.AspNetCore.DataProtection.Repositories.FileSystemXmlRepository|Reading data from file 'C:\Users\wshma\AppData\Local\ASP.NET\DataProtection-Keys\key-5447b062-96da-40ea-afba-72b63c5caf09.xml'.
2024-04-15 19:33:50.8373|DEBUG|Microsoft.AspNetCore.DataProtection.Repositories.FileSystemXmlRepository|Reading data from file 'C:\Users\wshma\AppData\Local\ASP.NET\DataProtection-Keys\key-a2223c65-0415-4b70-ab3e-dfd86cca61af.xml'.
2024-04-15 19:33:50.8554|DEBUG|Microsoft.AspNetCore.DataProtection.Repositories.FileSystemXmlRepository|Reading data from file 'C:\Users\wshma\AppData\Local\ASP.NET\DataProtection-Keys\key-c7238ed1-66d5-497f-ba93-0d79b0582353.xml'.
2024-04-15 19:33:50.8554|DEBUG|Microsoft.AspNetCore.DataProtection.Repositories.FileSystemXmlRepository|Reading data from file 'C:\Users\wshma\AppData\Local\ASP.NET\DataProtection-Keys\key-f0b0c6f9-c705-47fb-af9b-f0204206f723.xml'.
2024-04-15 19:33:50.8809|DEBUG|Microsoft.AspNetCore.DataProtection.KeyManagement.XmlKeyManager|Found key {0d18af51-81c9-49e2-8d84-5e0562073bbc}.
2024-04-15 19:33:50.8809|DEBUG|Microsoft.AspNetCore.DataProtection.KeyManagement.XmlKeyManager|Found key {5447b062-96da-40ea-afba-72b63c5caf09}.
2024-04-15 19:33:50.8809|DEBUG|Microsoft.AspNetCore.DataProtection.KeyManagement.XmlKeyManager|Found key {a2223c65-0415-4b70-ab3e-dfd86cca61af}.
2024-04-15 19:33:50.8809|DEBUG|Microsoft.AspNetCore.DataProtection.KeyManagement.XmlKeyManager|Found key {c7238ed1-66d5-497f-ba93-0d79b0582353}.
2024-04-15 19:33:50.8809|DEBUG|Microsoft.AspNetCore.DataProtection.KeyManagement.XmlKeyManager|Found key {f0b0c6f9-c705-47fb-af9b-f0204206f723}.
2024-04-15 19:33:50.8893|DEBUG|Microsoft.AspNetCore.DataProtection.KeyManagement.DefaultKeyResolver|Considering key {f0b0c6f9-c705-47fb-af9b-f0204206f723} with expiration date 2024-05-15 16:45:31Z as default key.
2024-04-15 19:33:50.8893|DEBUG|Microsoft.AspNetCore.DataProtection.TypeForwardingActivator|Forwarded activator type request from Microsoft.AspNetCore.DataProtection.XmlEncryption.DpapiXmlDecryptor, Microsoft.AspNetCore.DataProtection, Version=6.0.0.0, Culture=neutral, PublicKeyToken=adb9793829ddae60 to Microsoft.AspNetCore.DataProtection.XmlEncryption.DpapiXmlDecryptor, Microsoft.AspNetCore.DataProtection, Culture=neutral, PublicKeyToken=adb9793829ddae60
2024-04-15 19:33:50.8893|DEBUG|Microsoft.AspNetCore.DataProtection.XmlEncryption.DpapiXmlDecryptor|Decrypting secret element using Windows DPAPI.
2024-04-15 19:33:50.8893|DEBUG|Microsoft.AspNetCore.DataProtection.TypeForwardingActivator|Forwarded activator type request from Microsoft.AspNetCore.DataProtection.AuthenticatedEncryption.ConfigurationModel.AuthenticatedEncryptorDescriptorDeserializer, Microsoft.AspNetCore.DataProtection, Version=6.0.0.0, Culture=neutral, PublicKeyToken=adb9793829ddae60 to Microsoft.AspNetCore.DataProtection.AuthenticatedEncryption.ConfigurationModel.AuthenticatedEncryptorDescriptorDeserializer, Microsoft.AspNetCore.DataProtection, Culture=neutral, PublicKeyToken=adb9793829ddae60
2024-04-15 19:33:50.8893|DEBUG|Microsoft.AspNetCore.DataProtection.AuthenticatedEncryption.CngCbcAuthenticatedEncryptorFactory|Opening CNG algorithm 'AES' from provider '(null)' with chaining mode CBC.
2024-04-15 19:33:50.9010|DEBUG|Microsoft.AspNetCore.DataProtection.AuthenticatedEncryption.CngCbcAuthenticatedEncryptorFactory|Opening CNG algorithm 'SHA256' from provider '(null)' with HMAC.
2024-04-15 19:33:50.9010|DEBUG|Microsoft.AspNetCore.DataProtection.KeyManagement.KeyRingProvider|Using key {f0b0c6f9-c705-47fb-af9b-f0204206f723} as the default key.
2024-04-15 19:33:50.9010|DEBUG|Microsoft.AspNetCore.DataProtection.Internal.DataProtectionHostedService|Key ring with default key {f0b0c6f9-c705-47fb-af9b-f0204206f723} was loaded during application startup.
2024-04-15 19:33:51.3381|INFO|Microsoft.Hosting.Lifetime|Now listening on: http://localhost:5230
2024-04-15 19:33:51.3381|DEBUG|Microsoft.AspNetCore.Hosting.Diagnostics|Loaded hosting startup assembly api
2024-04-15 19:33:51.3381|DEBUG|Microsoft.AspNetCore.Hosting.Diagnostics|Loaded hosting startup assembly Microsoft.AspNetCore.Watch.BrowserRefresh
2024-04-15 19:33:51.3381|DEBUG|Microsoft.AspNetCore.Hosting.Diagnostics|Loaded hosting startup assembly Microsoft.WebTools.BrowserLink.Net
2024-04-15 19:33:51.3381|INFO|Microsoft.Hosting.Lifetime|Application started. Press Ctrl+C to shut down.
2024-04-15 19:33:51.3381|INFO|Microsoft.Hosting.Lifetime|Hosting environment: Development
2024-04-15 19:33:51.3381|INFO|Microsoft.Hosting.Lifetime|Content root path: C:\Users\wshma\OneDrive\Рабочий стол\МПТ4\диплом\api\api\
2024-04-15 19:33:51.3381|DEBUG|Microsoft.Extensions.Hosting.Internal.Host|Hosting started
2024-04-15 19:33:51.6651|DEBUG|Microsoft.AspNetCore.Server.Kestrel.Connections|Connection id "0HN2TD7APRAIV" accepted.
2024-04-15 19:33:51.6665|DEBUG|Microsoft.AspNetCore.Server.Kestrel.Connections|Connection id "0HN2TD7APRAIV" started.
2024-04-15 19:33:51.6665|DEBUG|Microsoft.AspNetCore.Server.Kestrel.Connections|Connection id "0HN2TD7APRAJ0" accepted.
2024-04-15 19:33:51.6665|DEBUG|Microsoft.AspNetCore.Server.Kestrel.Connections|Connection id "0HN2TD7APRAJ0" started.
2024-04-15 19:33:51.9503|DEBUG|Microsoft.AspNetCore.Server.Kestrel.Connections|Connection id "0HN2TD7APRAJ1" accepted.
2024-04-15 19:33:51.9503|DEBUG|Microsoft.AspNetCore.Server.Kestrel.Connections|Connection id "0HN2TD7APRAJ1" started.
2024-04-15 19:33:52.0153|DEBUG|Microsoft.AspNetCore.Server.Kestrel.Transport.Sockets|Connection id "0HN2TD7APRAJ1" received FIN.
2024-04-15 19:33:52.0153|DEBUG|Microsoft.AspNetCore.Server.Kestrel.Transport.Sockets|Connection id "0HN2TD7APRAJ1" sending FIN because: "The Socket transport's send loop completed gracefully."
2024-04-15 19:33:52.0153|DEBUG|Microsoft.AspNetCore.Server.Kestrel.Connections|Connection id "0HN2TD7APRAJ1" disconnecting.
2024-04-15 19:33:52.0267|DEBUG|Microsoft.AspNetCore.Server.Kestrel.Connections|Connection id "0HN2TD7APRAJ2" accepted.
2024-04-15 19:33:52.0267|DEBUG|Microsoft.AspNetCore.Server.Kestrel.Connections|Connection id "0HN2TD7APRAJ2" started.
2024-04-15 19:33:52.1085|INFO|Microsoft.AspNetCore.Hosting.Diagnostics|Request starting HTTP/1.1 GET http://localhost:5230/swagger - -
2024-04-15 19:33:52.1085|INFO|Microsoft.AspNetCore.Hosting.Diagnostics|Request starting HTTP/1.1 GET http://localhost:5230/swagger/index.html - -
2024-04-15 19:33:52.1882|DEBUG|Microsoft.AspNetCore.HostFiltering.HostFilteringMiddleware|Wildcard detected, all requests with hosts will be allowed.
2024-04-15 19:33:52.1882|DEBUG|Microsoft.AspNetCore.HostFiltering.HostFilteringMiddleware|Wildcard detected, all requests with hosts will be allowed.
2024-04-15 19:33:52.1882|TRACE|Microsoft.AspNetCore.HostFiltering.HostFilteringMiddleware|All hosts are allowed.
2024-04-15 19:33:52.1882|TRACE|Microsoft.AspNetCore.HostFiltering.HostFilteringMiddleware|All hosts are allowed.
2024-04-15 19:33:52.2164|INFO|Microsoft.AspNetCore.Hosting.Diagnostics|Request finished HTTP/1.1 GET http://localhost:5230/swagger - - - 0 - - 111.8938ms
2024-04-15 19:33:52.2542|DEBUG|Microsoft.AspNetCore.Server.Kestrel.Connections|Connection id "0HN2TD7APRAJ1" stopped.
2024-04-15 19:33:52.2874|DEBUG|Microsoft.AspNetCore.Watch.BrowserRefresh.BrowserRefreshMiddleware|Response markup is scheduled to include browser refresh script injection.
2024-04-15 19:33:52.4922|DEBUG|Microsoft.AspNetCore.Watch.BrowserRefresh.BrowserRefreshMiddleware|Response markup was updated to include browser refresh script injection.
2024-04-15 19:33:52.4922|DEBUG|Microsoft.AspNetCore.Server.Kestrel.Connections|Connection id "0HN2TD7APRAJ2" completed keep alive response.
2024-04-15 19:33:52.4922|INFO|Microsoft.AspNetCore.Hosting.Diagnostics|Request finished HTTP/1.1 GET http://localhost:5230/swagger/index.html - - - 200 - text/html;charset=utf-8 389.2156ms
2024-04-15 19:33:52.5321|INFO|Microsoft.AspNetCore.Hosting.Diagnostics|Request starting HTTP/1.1 GET http://localhost:5230/_framework/aspnetcore-browser-refresh.js - -
2024-04-15 19:33:52.5321|DEBUG|Microsoft.AspNetCore.Server.Kestrel.Connections|Connection id "0HN2TD7APRAJ2" completed keep alive response.
2024-04-15 19:33:52.5321|INFO|Microsoft.AspNetCore.Hosting.Diagnostics|Request finished HTTP/1.1 GET http://localhost:5230/_framework/aspnetcore-browser-refresh.js - - - 200 11976 application/javascript;+charset=utf-8 7.2036ms
2024-04-15 19:33:52.5404|DEBUG|Microsoft.AspNetCore.Server.Kestrel.Connections|Connection id "0HN2TD7APRAJ3" accepted.
2024-04-15 19:33:52.5404|DEBUG|Microsoft.AspNetCore.Server.Kestrel.Connections|Connection id "0HN2TD7APRAJ3" started.
2024-04-15 19:33:52.5404|INFO|Microsoft.AspNetCore.Hosting.Diagnostics|Request starting HTTP/1.1 GET http://localhost:5230/_vs/browserLink - -
2024-04-15 19:33:52.6350|DEBUG|Microsoft.AspNetCore.Server.Kestrel.Connections|Connection id "0HN2TD7APRAJ3" completed keep alive response.
2024-04-15 19:33:52.6350|INFO|Microsoft.AspNetCore.Hosting.Diagnostics|Request finished HTTP/1.1 GET http://localhost:5230/_vs/browserLink - - - 200 - text/javascript;+charset=UTF-8 93.8574ms
2024-04-15 19:33:52.6350|INFO|Microsoft.AspNetCore.Hosting.Diagnostics|Request starting HTTP/1.1 GET http://localhost:5230/swagger/favicon-32x32.png - -
2024-04-15 19:33:52.6350|TRACE|Microsoft.AspNetCore.HostFiltering.HostFilteringMiddleware|All hosts are allowed.
2024-04-15 19:33:52.6350|DEBUG|Microsoft.AspNetCore.Server.Kestrel.Transport.Sockets|Connection id "0HN2TD7APRAJ3" received FIN.
2024-04-15 19:33:52.6350|DEBUG|Microsoft.AspNetCore.Server.Kestrel.Transport.Sockets|Connection id "0HN2TD7APRAJ3" sending FIN because: "The Socket transport's send loop completed gracefully."
2024-04-15 19:33:52.6350|DEBUG|Microsoft.AspNetCore.Server.Kestrel.Connections|Connection id "0HN2TD7APRAJ3" disconnecting.
2024-04-15 19:33:52.6545|TRACE|Microsoft.AspNetCore.StaticFiles.StaticFileMiddleware|Range header's value is empty.
2024-04-15 19:33:52.6545|DEBUG|Microsoft.AspNetCore.StaticFiles.StaticFileMiddleware|The file transmission was cancelled|System.OperationCanceledException: The operation was canceled.
   at System.Threading.CancellationToken.ThrowOperationCanceledException()
   at System.Threading.CancellationToken.ThrowIfCancellationRequested()
   at Microsoft.AspNetCore.Http.SendFileResponseExtensions.SendFileAsyncCore(HttpResponse response, IFileInfo file, Int64 offset, Nullable`1 count, CancellationToken cancellationToken)
   at Microsoft.AspNetCore.StaticFiles.StaticFileContext.SendAsync()
2024-04-15 19:33:52.6545|INFO|Microsoft.AspNetCore.StaticFiles.StaticFileMiddleware|Sending file. Request path: '/favicon-32x32.png'. Physical path: 'N/A'
2024-04-15 19:33:52.6545|INFO|Microsoft.AspNetCore.Hosting.Diagnostics|Request finished HTTP/1.1 GET http://localhost:5230/swagger/favicon-32x32.png - - - 0 628 image/png 18.3639ms
2024-04-15 19:33:52.6545|DEBUG|Microsoft.AspNetCore.Server.Kestrel.Connections|Connection id "0HN2TD7APRAJ3" stopped.
2024-04-15 19:33:52.7193|INFO|Microsoft.AspNetCore.Hosting.Diagnostics|Request starting HTTP/1.1 GET http://localhost:5230/swagger/v1/swagger.json - -
2024-04-15 19:33:52.7193|TRACE|Microsoft.AspNetCore.HostFiltering.HostFilteringMiddleware|All hosts are allowed.
2024-04-15 19:33:52.9129|DEBUG|Microsoft.AspNetCore.Server.Kestrel.Connections|Connection id "0HN2TD7APRAJ2" completed keep alive response.
2024-04-15 19:33:52.9129|INFO|Microsoft.AspNetCore.Hosting.Diagnostics|Request finished HTTP/1.1 GET http://localhost:5230/swagger/v1/swagger.json - - - 200 - application/json;charset=utf-8 193.7693ms
2024-04-15 19:35:48.7544|DEBUG|Microsoft.AspNetCore.Server.Kestrel.Transport.Sockets|Connection id "0HN2TD7APRAJ2" received FIN.
2024-04-15 19:35:48.7713|DEBUG|Microsoft.AspNetCore.Server.Kestrel.Connections|Connection id "0HN2TD7APRAJ2" disconnecting.
2024-04-15 19:35:48.7713|DEBUG|Microsoft.AspNetCore.Server.Kestrel.Transport.Sockets|Connection id "0HN2TD7APRAJ2" sending FIN because: "The Socket transport's send loop completed gracefully."
2024-04-15 19:35:48.7892|DEBUG|Microsoft.AspNetCore.Server.Kestrel.Connections|Connection id "0HN2TD7APRAJ2" stopped.
2024-04-15 19:39:48.4104|DEBUG|Microsoft.AspNetCore.Server.Kestrel.Connections|Connection id "0HN2TD7APRAJ4" accepted.
2024-04-15 19:39:48.4527|DEBUG|Microsoft.AspNetCore.Server.Kestrel.Connections|Connection id "0HN2TD7APRAJ4" started.
2024-04-15 19:39:48.4527|INFO|Microsoft.AspNetCore.Hosting.Diagnostics|Request starting HTTP/1.1 GET http://localhost:5230/metrics - -
2024-04-15 19:39:48.4527|TRACE|Microsoft.AspNetCore.HostFiltering.HostFilteringMiddleware|All hosts are allowed.
2024-04-15 19:39:48.4527|DEBUG|Microsoft.AspNetCore.StaticFiles.StaticFileMiddleware|The request path  does not match the path filter
2024-04-15 19:39:48.4829|DEBUG|Microsoft.AspNetCore.Routing.Matching.DfaMatcher|1 candidate(s) found for the request path '/metrics'
2024-04-15 19:39:48.4829|DEBUG|Microsoft.AspNetCore.Routing.EndpointRoutingMiddleware|Request matched endpoint 'Prometheus metrics'
2024-04-15 19:39:48.5556|DEBUG|Microsoft.AspNetCore.Authentication.JwtBearer.JwtBearerHandler|AuthenticationScheme: Bearer was not authenticated.
2024-04-15 19:39:48.5585|INFO|Microsoft.AspNetCore.Routing.EndpointMiddleware|Executing endpoint 'Prometheus metrics'
2024-04-15 19:39:48.7242|INFO|Microsoft.AspNetCore.Routing.EndpointMiddleware|Executed endpoint 'Prometheus metrics'
2024-04-15 19:39:48.7242|DEBUG|Microsoft.AspNetCore.Server.Kestrel.Connections|Connection id "0HN2TD7APRAJ4" completed keep alive response.
2024-04-15 19:39:48.7242|INFO|Microsoft.AspNetCore.Hosting.Diagnostics|Request finished HTTP/1.1 GET http://localhost:5230/metrics - - - 200 - application/openmetrics-text;+version=1.0.0;+charset=utf-8 268.6675ms
2024-04-15 19:40:45.6138|DEBUG|Microsoft.AspNetCore.Server.Kestrel.Connections|Connection id "0HN2TD7APRAJ5" accepted.
2024-04-15 19:40:45.6614|DEBUG|Microsoft.AspNetCore.Server.Kestrel.Connections|Connection id "0HN2TD7APRAJ5" started.
2024-04-15 19:40:50.9811|DEBUG|Microsoft.AspNetCore.Server.Kestrel.Transport.Sockets|Connection id "0HN2TD7APRAJ5" received FIN.
2024-04-15 19:40:50.9811|DEBUG|Microsoft.AspNetCore.Server.Kestrel.Transport.Sockets|Connection id "0HN2TD7APRAJ5" sending FIN because: "The Socket transport's send loop completed gracefully."
2024-04-15 19:40:50.9811|DEBUG|Microsoft.AspNetCore.Server.Kestrel.Connections|Connection id "0HN2TD7APRAJ5" disconnecting.
2024-04-15 19:40:50.9811|DEBUG|Microsoft.AspNetCore.Server.Kestrel.Connections|Connection id "0HN2TD7APRAJ5" stopped.
2024-04-15 19:40:51.1638|DEBUG|Microsoft.AspNetCore.Server.Kestrel.Connections|Connection id "0HN2TD7APRAJ6" accepted.
2024-04-15 19:40:51.1638|DEBUG|Microsoft.AspNetCore.Server.Kestrel.Connections|Connection id "0HN2TD7APRAJ6" started.
2024-04-15 19:40:51.1973|INFO|Microsoft.AspNetCore.Hosting.Diagnostics|Request starting HTTP/1.1 GET http://localhost:5230/metrics - -
2024-04-15 19:40:51.1973|TRACE|Microsoft.AspNetCore.HostFiltering.HostFilteringMiddleware|All hosts are allowed.
2024-04-15 19:40:51.1973|DEBUG|Microsoft.AspNetCore.StaticFiles.StaticFileMiddleware|The request path  does not match the path filter
2024-04-15 19:40:51.1973|DEBUG|Microsoft.AspNetCore.Routing.Matching.DfaMatcher|1 candidate(s) found for the request path '/metrics'
2024-04-15 19:40:51.1973|DEBUG|Microsoft.AspNetCore.Routing.EndpointRoutingMiddleware|Request matched endpoint 'Prometheus metrics'
2024-04-15 19:40:51.1973|DEBUG|Microsoft.AspNetCore.Authentication.JwtBearer.JwtBearerHandler|AuthenticationScheme: Bearer was not authenticated.
2024-04-15 19:40:51.1973|INFO|Microsoft.AspNetCore.Routing.EndpointMiddleware|Executing endpoint 'Prometheus metrics'
2024-04-15 19:40:51.1973|INFO|Microsoft.AspNetCore.Routing.EndpointMiddleware|Executed endpoint 'Prometheus metrics'
2024-04-15 19:40:51.1973|DEBUG|Microsoft.AspNetCore.Server.Kestrel.Connections|Connection id "0HN2TD7APRAJ6" completed keep alive response.
2024-04-15 19:40:51.1973|INFO|Microsoft.AspNetCore.Hosting.Diagnostics|Request finished HTTP/1.1 GET http://localhost:5230/metrics - - - 200 - text/plain;+version=0.0.4;+charset=utf-8 8.7129ms
2024-04-15 19:40:51.3159|DEBUG|Microsoft.AspNetCore.Server.Kestrel.Transport.Sockets|Connection id "0HN2TD7APRAJ6" received FIN.
2024-04-15 19:40:51.3159|INFO|Microsoft.AspNetCore.Hosting.Diagnostics|Request starting HTTP/1.1 GET http://localhost:5230/favicon.ico - -
2024-04-15 19:40:51.3159|DEBUG|Microsoft.AspNetCore.Server.Kestrel.Transport.Sockets|Connection id "0HN2TD7APRAJ6" sending FIN because: "The Socket transport's send loop completed gracefully."
2024-04-15 19:40:51.3159|TRACE|Microsoft.AspNetCore.HostFiltering.HostFilteringMiddleware|All hosts are allowed.
2024-04-15 19:40:51.3159|DEBUG|Microsoft.AspNetCore.StaticFiles.StaticFileMiddleware|The request path  does not match the path filter
2024-04-15 19:40:51.3159|DEBUG|Microsoft.AspNetCore.Server.Kestrel.Connections|Connection id "0HN2TD7APRAJ6" disconnecting.
2024-04-15 19:40:51.3159|DEBUG|Microsoft.AspNetCore.Routing.Matching.DfaMatcher|No candidates found for the request path '/favicon.ico'
2024-04-15 19:40:51.3159|DEBUG|Microsoft.AspNetCore.Routing.EndpointRoutingMiddleware|Request did not match any endpoints
2024-04-15 19:40:51.3337|DEBUG|Microsoft.AspNetCore.Authentication.JwtBearer.JwtBearerHandler|AuthenticationScheme: Bearer was not authenticated.
2024-04-15 19:40:51.3403|INFO|Microsoft.AspNetCore.Hosting.Diagnostics|Request finished HTTP/1.1 GET http://localhost:5230/favicon.ico - - - 0 - - 24.3843ms
2024-04-15 19:40:51.3403|DEBUG|Microsoft.AspNetCore.Server.Kestrel.Connections|Connection id "0HN2TD7APRAJ6" stopped.
2024-04-15 19:44:48.7365|DEBUG|Microsoft.AspNetCore.Server.Kestrel.Transport.Sockets|Connection id "0HN2TD7APRAJ4" received FIN.
2024-04-15 19:44:48.7494|DEBUG|Microsoft.AspNetCore.Server.Kestrel.Transport.Sockets|Connection id "0HN2TD7APRAJ4" sending FIN because: "The Socket transport's send loop completed gracefully."
2024-04-15 19:44:48.7494|DEBUG|Microsoft.AspNetCore.Server.Kestrel.Connections|Connection id "0HN2TD7APRAJ4" disconnecting.
2024-04-15 19:44:48.7494|DEBUG|Microsoft.AspNetCore.Server.Kestrel.Connections|Connection id "0HN2TD7APRAJ4" stopped.
2024-04-15 19:46:20.9130|DEBUG|Microsoft.AspNetCore.Server.Kestrel.Connections|Connection id "0HN2TD7APRAJ7" accepted.
2024-04-15 19:46:20.9278|DEBUG|Microsoft.AspNetCore.Server.Kestrel.Connections|Connection id "0HN2TD7APRAJ7" started.
2024-04-15 19:46:20.9278|INFO|Microsoft.AspNetCore.Hosting.Diagnostics|Request starting HTTP/1.1 GET http://localhost:5230/swagger/index.html - -
2024-04-15 19:46:20.9350|TRACE|Microsoft.AspNetCore.HostFiltering.HostFilteringMiddleware|All hosts are allowed.
2024-04-15 19:46:20.9350|DEBUG|Microsoft.AspNetCore.Watch.BrowserRefresh.BrowserRefreshMiddleware|Response markup is scheduled to include browser refresh script injection.
2024-04-15 19:46:20.9569|DEBUG|Microsoft.AspNetCore.Watch.BrowserRefresh.BrowserRefreshMiddleware|Response markup was updated to include browser refresh script injection.
2024-04-15 19:46:20.9569|DEBUG|Microsoft.AspNetCore.Server.Kestrel.Connections|Connection id "0HN2TD7APRAJ7" completed keep alive response.
2024-04-15 19:46:20.9569|INFO|Microsoft.AspNetCore.Hosting.Diagnostics|Request finished HTTP/1.1 GET http://localhost:5230/swagger/index.html - - - 200 - text/html;charset=utf-8 28.0529ms
2024-04-15 19:46:21.0332|INFO|Microsoft.AspNetCore.Hosting.Diagnostics|Request starting HTTP/1.1 GET http://localhost:5230/_framework/aspnetcore-browser-refresh.js - -
2024-04-15 19:46:21.0332|DEBUG|Microsoft.AspNetCore.Server.Kestrel.Connections|Connection id "0HN2TD7APRAJ7" completed keep alive response.
2024-04-15 19:46:21.0332|INFO|Microsoft.AspNetCore.Hosting.Diagnostics|Request finished HTTP/1.1 GET http://localhost:5230/_framework/aspnetcore-browser-refresh.js - - - 200 11976 application/javascript;+charset=utf-8 0.5145ms
2024-04-15 19:46:21.0332|INFO|Microsoft.AspNetCore.Hosting.Diagnostics|Request starting HTTP/1.1 GET http://localhost:5230/_vs/browserLink - -
2024-04-15 19:46:21.0703|DEBUG|Microsoft.AspNetCore.Server.Kestrel.Connections|Connection id "0HN2TD7APRAJ7" completed keep alive response.
2024-04-15 19:46:21.0726|INFO|Microsoft.AspNetCore.Hosting.Diagnostics|Request finished HTTP/1.1 GET http://localhost:5230/_vs/browserLink - - - 200 - text/javascript;+charset=UTF-8 35.9137ms
2024-04-15 19:46:21.1418|INFO|Microsoft.AspNetCore.Hosting.Diagnostics|Request starting HTTP/1.1 GET http://localhost:5230/swagger/favicon-32x32.png - -
2024-04-15 19:46:21.1418|TRACE|Microsoft.AspNetCore.HostFiltering.HostFilteringMiddleware|All hosts are allowed.
2024-04-15 19:46:21.1418|DEBUG|Microsoft.AspNetCore.Server.Kestrel.Transport.Sockets|Connection id "0HN2TD7APRAJ7" received FIN.
2024-04-15 19:46:21.1418|DEBUG|Microsoft.AspNetCore.Server.Kestrel.Transport.Sockets|Connection id "0HN2TD7APRAJ7" sending FIN because: "The Socket transport's send loop completed gracefully."
2024-04-15 19:46:21.1418|DEBUG|Microsoft.AspNetCore.Server.Kestrel.Connections|Connection id "0HN2TD7APRAJ7" disconnecting.
2024-04-15 19:46:21.1418|TRACE|Microsoft.AspNetCore.StaticFiles.StaticFileMiddleware|Range header's value is empty.
2024-04-15 19:46:21.1418|DEBUG|Microsoft.AspNetCore.StaticFiles.StaticFileMiddleware|The file transmission was cancelled|System.OperationCanceledException: The operation was canceled.
   at System.Threading.CancellationToken.ThrowOperationCanceledException()
   at System.Threading.CancellationToken.ThrowIfCancellationRequested()
   at Microsoft.AspNetCore.Http.SendFileResponseExtensions.SendFileAsyncCore(HttpResponse response, IFileInfo file, Int64 offset, Nullable`1 count, CancellationToken cancellationToken)
   at Microsoft.AspNetCore.StaticFiles.StaticFileContext.SendAsync()
2024-04-15 19:46:21.1518|INFO|Microsoft.AspNetCore.StaticFiles.StaticFileMiddleware|Sending file. Request path: '/favicon-32x32.png'. Physical path: 'N/A'
2024-04-15 19:46:21.1518|INFO|Microsoft.AspNetCore.Hosting.Diagnostics|Request finished HTTP/1.1 GET http://localhost:5230/swagger/favicon-32x32.png - - - 0 628 image/png 10.1838ms
2024-04-15 19:46:21.1518|DEBUG|Microsoft.AspNetCore.Server.Kestrel.Connections|Connection id "0HN2TD7APRAJ7" stopped.
2024-04-15 19:46:21.2370|DEBUG|Microsoft.AspNetCore.Server.Kestrel.Connections|Connection id "0HN2TD7APRAJ8" accepted.
2024-04-15 19:46:21.2370|DEBUG|Microsoft.AspNetCore.Server.Kestrel.Connections|Connection id "0HN2TD7APRAJ8" started.
2024-04-15 19:46:21.2370|INFO|Microsoft.AspNetCore.Hosting.Diagnostics|Request starting HTTP/1.1 GET http://localhost:5230/swagger/v1/swagger.json - -
2024-04-15 19:46:21.2370|TRACE|Microsoft.AspNetCore.HostFiltering.HostFilteringMiddleware|All hosts are allowed.
2024-04-15 19:46:21.2782|DEBUG|Microsoft.AspNetCore.Server.Kestrel.Connections|Connection id "0HN2TD7APRAJ8" completed keep alive response.
2024-04-15 19:46:21.2782|INFO|Microsoft.AspNetCore.Hosting.Diagnostics|Request finished HTTP/1.1 GET http://localhost:5230/swagger/v1/swagger.json - - - 200 - application/json;charset=utf-8 40.3865ms
2024-04-15 19:46:25.6131|INFO|Microsoft.AspNetCore.Hosting.Diagnostics|Request starting HTTP/1.1 GET http://localhost:5230/api/Budgets - -
2024-04-15 19:46:25.6131|TRACE|Microsoft.AspNetCore.HostFiltering.HostFilteringMiddleware|All hosts are allowed.
2024-04-15 19:46:25.6131|DEBUG|Microsoft.AspNetCore.StaticFiles.StaticFileMiddleware|The request path  does not match the path filter
2024-04-15 19:46:25.6131|DEBUG|Microsoft.AspNetCore.Routing.Matching.DfaMatcher|1 candidate(s) found for the request path '/api/Budgets'
2024-04-15 19:46:25.6131|DEBUG|Microsoft.AspNetCore.Routing.Matching.DfaMatcher|Endpoint 'api.Controllers.BudgetsController.GetBudgets (api)' with route pattern 'api/Budgets' is valid for the request path '/api/Budgets'
2024-04-15 19:46:25.6131|DEBUG|Microsoft.AspNetCore.Routing.EndpointRoutingMiddleware|Request matched endpoint 'api.Controllers.BudgetsController.GetBudgets (api)'
2024-04-15 19:46:25.6131|DEBUG|Microsoft.AspNetCore.Authentication.JwtBearer.JwtBearerHandler|AuthenticationScheme: Bearer was not authenticated.
2024-04-15 19:46:25.6182|INFO|Microsoft.AspNetCore.Authorization.DefaultAuthorizationService|Authorization failed. These requirements were not met:
DenyAnonymousAuthorizationRequirement: Requires an authenticated user.
2024-04-15 19:46:25.6182|INFO|Microsoft.AspNetCore.Authentication.JwtBearer.JwtBearerHandler|AuthenticationScheme: Bearer was challenged.
2024-04-15 19:46:25.6182|DEBUG|Microsoft.AspNetCore.Server.Kestrel.Connections|Connection id "0HN2TD7APRAJ8" completed keep alive response.
2024-04-15 19:46:25.6182|INFO|Microsoft.AspNetCore.Hosting.Diagnostics|Request finished HTTP/1.1 GET http://localhost:5230/api/Budgets - - - 401 0 - 18.1114ms
2024-04-15 19:46:27.4206|INFO|Microsoft.AspNetCore.Hosting.Diagnostics|Request starting HTTP/1.1 GET http://localhost:5230/api/Budgets - -
2024-04-15 19:46:27.4206|TRACE|Microsoft.AspNetCore.HostFiltering.HostFilteringMiddleware|All hosts are allowed.
2024-04-15 19:46:27.4206|DEBUG|Microsoft.AspNetCore.StaticFiles.StaticFileMiddleware|The request path  does not match the path filter
2024-04-15 19:46:27.4206|DEBUG|Microsoft.AspNetCore.Routing.Matching.DfaMatcher|1 candidate(s) found for the request path '/api/Budgets'
2024-04-15 19:46:27.4206|DEBUG|Microsoft.AspNetCore.Routing.Matching.DfaMatcher|Endpoint 'api.Controllers.BudgetsController.GetBudgets (api)' with route pattern 'api/Budgets' is valid for the request path '/api/Budgets'
2024-04-15 19:46:27.4206|DEBUG|Microsoft.AspNetCore.Routing.EndpointRoutingMiddleware|Request matched endpoint 'api.Controllers.BudgetsController.GetBudgets (api)'
2024-04-15 19:46:27.4206|DEBUG|Microsoft.AspNetCore.Authentication.JwtBearer.JwtBearerHandler|AuthenticationScheme: Bearer was not authenticated.
2024-04-15 19:46:27.4206|INFO|Microsoft.AspNetCore.Authorization.DefaultAuthorizationService|Authorization failed. These requirements were not met:
DenyAnonymousAuthorizationRequirement: Requires an authenticated user.
2024-04-15 19:46:27.4206|INFO|Microsoft.AspNetCore.Authentication.JwtBearer.JwtBearerHandler|AuthenticationScheme: Bearer was challenged.
2024-04-15 19:46:27.4206|DEBUG|Microsoft.AspNetCore.Server.Kestrel.Connections|Connection id "0HN2TD7APRAJ8" completed keep alive response.
2024-04-15 19:46:27.4206|INFO|Microsoft.AspNetCore.Hosting.Diagnostics|Request finished HTTP/1.1 GET http://localhost:5230/api/Budgets - - - 401 0 - 3.5980ms
2024-04-15 19:46:35.1980|INFO|Microsoft.AspNetCore.Hosting.Diagnostics|Request starting HTTP/1.1 GET http://localhost:5230/api/Expenditures - -
2024-04-15 19:46:35.1980|TRACE|Microsoft.AspNetCore.HostFiltering.HostFilteringMiddleware|All hosts are allowed.
2024-04-15 19:46:35.1980|DEBUG|Microsoft.AspNetCore.StaticFiles.StaticFileMiddleware|The request path  does not match the path filter
2024-04-15 19:46:35.1980|DEBUG|Microsoft.AspNetCore.Routing.Matching.DfaMatcher|1 candidate(s) found for the request path '/api/Expenditures'
2024-04-15 19:46:35.1980|DEBUG|Microsoft.AspNetCore.Routing.Matching.DfaMatcher|Endpoint 'api.Controllers.ExpendituresController.GetExpenditures (api)' with route pattern 'api/Expenditures' is valid for the request path '/api/Expenditures'
2024-04-15 19:46:35.1980|DEBUG|Microsoft.AspNetCore.Routing.EndpointRoutingMiddleware|Request matched endpoint 'api.Controllers.ExpendituresController.GetExpenditures (api)'
2024-04-15 19:46:35.1980|DEBUG|Microsoft.AspNetCore.Authentication.JwtBearer.JwtBearerHandler|AuthenticationScheme: Bearer was not authenticated.
2024-04-15 19:46:35.1980|INFO|Microsoft.AspNetCore.Authorization.DefaultAuthorizationService|Authorization failed. These requirements were not met:
DenyAnonymousAuthorizationRequirement: Requires an authenticated user.
2024-04-15 19:46:35.1980|INFO|Microsoft.AspNetCore.Authentication.JwtBearer.JwtBearerHandler|AuthenticationScheme: Bearer was challenged.
2024-04-15 19:46:35.1980|DEBUG|Microsoft.AspNetCore.Server.Kestrel.Connections|Connection id "0HN2TD7APRAJ8" completed keep alive response.
2024-04-15 19:46:35.1980|INFO|Microsoft.AspNetCore.Hosting.Diagnostics|Request finished HTTP/1.1 GET http://localhost:5230/api/Expenditures - - - 401 0 - 1.4888ms
2024-04-15 19:46:37.1248|INFO|Microsoft.AspNetCore.Hosting.Diagnostics|Request starting HTTP/1.1 GET http://localhost:5230/api/Expenditures - -
2024-04-15 19:46:37.1248|TRACE|Microsoft.AspNetCore.HostFiltering.HostFilteringMiddleware|All hosts are allowed.
2024-04-15 19:46:37.1248|DEBUG|Microsoft.AspNetCore.StaticFiles.StaticFileMiddleware|The request path  does not match the path filter
2024-04-15 19:46:37.1248|DEBUG|Microsoft.AspNetCore.Routing.Matching.DfaMatcher|1 candidate(s) found for the request path '/api/Expenditures'
2024-04-15 19:46:37.1248|DEBUG|Microsoft.AspNetCore.Routing.Matching.DfaMatcher|Endpoint 'api.Controllers.ExpendituresController.GetExpenditures (api)' with route pattern 'api/Expenditures' is valid for the request path '/api/Expenditures'
2024-04-15 19:46:37.1248|DEBUG|Microsoft.AspNetCore.Routing.EndpointRoutingMiddleware|Request matched endpoint 'api.Controllers.ExpendituresController.GetExpenditures (api)'
2024-04-15 19:46:37.1248|DEBUG|Microsoft.AspNetCore.Authentication.JwtBearer.JwtBearerHandler|AuthenticationScheme: Bearer was not authenticated.
2024-04-15 19:46:37.1248|INFO|Microsoft.AspNetCore.Authorization.DefaultAuthorizationService|Authorization failed. These requirements were not met:
DenyAnonymousAuthorizationRequirement: Requires an authenticated user.
2024-04-15 19:46:37.1248|INFO|Microsoft.AspNetCore.Authentication.JwtBearer.JwtBearerHandler|AuthenticationScheme: Bearer was challenged.
2024-04-15 19:46:37.1248|DEBUG|Microsoft.AspNetCore.Server.Kestrel.Connections|Connection id "0HN2TD7APRAJ8" completed keep alive response.
2024-04-15 19:46:37.1248|INFO|Microsoft.AspNetCore.Hosting.Diagnostics|Request finished HTTP/1.1 GET http://localhost:5230/api/Expenditures - - - 401 0 - 1.0968ms
2024-04-15 19:48:32.3575|DEBUG|Microsoft.AspNetCore.Server.Kestrel.Transport.Sockets|Connection id "0HN2TD7APRAJ8" received FIN.
2024-04-15 19:48:32.3694|DEBUG|Microsoft.AspNetCore.Server.Kestrel.Connections|Connection id "0HN2TD7APRAJ8" disconnecting.
2024-04-15 19:48:32.3694|DEBUG|Microsoft.AspNetCore.Server.Kestrel.Connections|Connection id "0HN2TD7APRAJ8" stopped.
2024-04-15 19:48:32.3694|DEBUG|Microsoft.AspNetCore.Server.Kestrel.Transport.Sockets|Connection id "0HN2TD7APRAJ8" sending FIN because: "The Socket transport's send loop completed gracefully."
2024-04-15 19:49:48.4053|DEBUG|Microsoft.AspNetCore.Server.Kestrel.Connections|Connection id "0HN2TD7APRAJ9" accepted.
2024-04-15 19:49:48.4172|DEBUG|Microsoft.AspNetCore.Server.Kestrel.Connections|Connection id "0HN2TD7APRAJ9" started.
2024-04-15 19:49:48.4172|INFO|Microsoft.AspNetCore.Hosting.Diagnostics|Request starting HTTP/1.1 GET http://localhost:5230/metrics - -
2024-04-15 19:49:48.4172|TRACE|Microsoft.AspNetCore.HostFiltering.HostFilteringMiddleware|All hosts are allowed.
2024-04-15 19:49:48.4479|DEBUG|Microsoft.AspNetCore.StaticFiles.StaticFileMiddleware|The request path  does not match the path filter
2024-04-15 19:49:48.4479|DEBUG|Microsoft.AspNetCore.Routing.Matching.DfaMatcher|1 candidate(s) found for the request path '/metrics'
2024-04-15 19:49:48.4479|DEBUG|Microsoft.AspNetCore.Routing.EndpointRoutingMiddleware|Request matched endpoint 'Prometheus metrics'
2024-04-15 19:49:48.4479|DEBUG|Microsoft.AspNetCore.Authentication.JwtBearer.JwtBearerHandler|AuthenticationScheme: Bearer was not authenticated.
2024-04-15 19:49:48.4479|INFO|Microsoft.AspNetCore.Routing.EndpointMiddleware|Executing endpoint 'Prometheus metrics'
2024-04-15 19:49:48.4479|INFO|Microsoft.AspNetCore.Routing.EndpointMiddleware|Executed endpoint 'Prometheus metrics'
2024-04-15 19:49:48.4479|DEBUG|Microsoft.AspNetCore.Server.Kestrel.Connections|Connection id "0HN2TD7APRAJ9" completed keep alive response.
2024-04-15 19:49:48.4620|INFO|Microsoft.AspNetCore.Hosting.Diagnostics|Request finished HTTP/1.1 GET http://localhost:5230/metrics - - - 200 - application/openmetrics-text;+version=1.0.0;+charset=utf-8 43.9999ms
2024-04-15 19:54:48.4854|DEBUG|Microsoft.AspNetCore.Server.Kestrel.Transport.Sockets|Connection id "0HN2TD7APRAJ9" received FIN.
2024-04-15 19:54:48.5036|DEBUG|Microsoft.AspNetCore.Server.Kestrel.Transport.Sockets|Connection id "0HN2TD7APRAJ9" sending FIN because: "The Socket transport's send loop completed gracefully."
2024-04-15 19:54:48.5036|DEBUG|Microsoft.AspNetCore.Server.Kestrel.Connections|Connection id "0HN2TD7APRAJ9" disconnecting.
2024-04-15 19:54:48.5036|DEBUG|Microsoft.AspNetCore.Server.Kestrel.Connections|Connection id "0HN2TD7APRAJ9" stopped.
2024-04-15 19:59:48.4188|DEBUG|Microsoft.AspNetCore.Server.Kestrel.Connections|Connection id "0HN2TD7APRAJA" accepted.
2024-04-15 19:59:48.4188|DEBUG|Microsoft.AspNetCore.Server.Kestrel.Connections|Connection id "0HN2TD7APRAJA" started.
2024-04-15 19:59:48.4188|INFO|Microsoft.AspNetCore.Hosting.Diagnostics|Request starting HTTP/1.1 GET http://localhost:5230/metrics - -
2024-04-15 19:59:48.4188|TRACE|Microsoft.AspNetCore.HostFiltering.HostFilteringMiddleware|All hosts are allowed.
2024-04-15 19:59:48.4188|DEBUG|Microsoft.AspNetCore.StaticFiles.StaticFileMiddleware|The request path  does not match the path filter
2024-04-15 19:59:48.4188|DEBUG|Microsoft.AspNetCore.Routing.Matching.DfaMatcher|1 candidate(s) found for the request path '/metrics'
2024-04-15 19:59:48.4188|DEBUG|Microsoft.AspNetCore.Routing.EndpointRoutingMiddleware|Request matched endpoint 'Prometheus metrics'
2024-04-15 19:59:48.4336|DEBUG|Microsoft.AspNetCore.Authentication.JwtBearer.JwtBearerHandler|AuthenticationScheme: Bearer was not authenticated.
2024-04-15 19:59:48.4336|INFO|Microsoft.AspNetCore.Routing.EndpointMiddleware|Executing endpoint 'Prometheus metrics'
2024-04-15 19:59:48.4336|INFO|Microsoft.AspNetCore.Routing.EndpointMiddleware|Executed endpoint 'Prometheus metrics'
2024-04-15 19:59:48.4336|DEBUG|Microsoft.AspNetCore.Server.Kestrel.Connections|Connection id "0HN2TD7APRAJA" completed keep alive response.
2024-04-15 19:59:48.4336|INFO|Microsoft.AspNetCore.Hosting.Diagnostics|Request finished HTTP/1.1 GET http://localhost:5230/metrics - - - 200 - application/openmetrics-text;+version=1.0.0;+charset=utf-8 14.3605ms
2024-04-15 20:04:48.4826|DEBUG|Microsoft.AspNetCore.Server.Kestrel.Transport.Sockets|Connection id "0HN2TD7APRAJA" received FIN.
2024-04-15 20:04:48.5310|DEBUG|Microsoft.AspNetCore.Server.Kestrel.Connections|Connection id "0HN2TD7APRAJA" disconnecting.
2024-04-15 20:04:48.5310|DEBUG|Microsoft.AspNetCore.Server.Kestrel.Connections|Connection id "0HN2TD7APRAJA" stopped.
2024-04-15 20:04:48.5310|DEBUG|Microsoft.AspNetCore.Server.Kestrel.Transport.Sockets|Connection id "0HN2TD7APRAJA" sending FIN because: "The Socket transport's send loop completed gracefully."
2024-04-15 20:09:48.4108|DEBUG|Microsoft.AspNetCore.Server.Kestrel.Connections|Connection id "0HN2TD7APRAJB" accepted.
2024-04-15 20:09:48.4195|DEBUG|Microsoft.AspNetCore.Server.Kestrel.Connections|Connection id "0HN2TD7APRAJB" started.
2024-04-15 20:09:48.4195|INFO|Microsoft.AspNetCore.Hosting.Diagnostics|Request starting HTTP/1.1 GET http://localhost:5230/metrics - -
2024-04-15 20:09:48.4195|TRACE|Microsoft.AspNetCore.HostFiltering.HostFilteringMiddleware|All hosts are allowed.
2024-04-15 20:09:48.4195|DEBUG|Microsoft.AspNetCore.StaticFiles.StaticFileMiddleware|The request path  does not match the path filter
2024-04-15 20:09:48.4195|DEBUG|Microsoft.AspNetCore.Routing.Matching.DfaMatcher|1 candidate(s) found for the request path '/metrics'
2024-04-15 20:09:48.4195|DEBUG|Microsoft.AspNetCore.Routing.EndpointRoutingMiddleware|Request matched endpoint 'Prometheus metrics'
2024-04-15 20:09:48.4195|DEBUG|Microsoft.AspNetCore.Authentication.JwtBearer.JwtBearerHandler|AuthenticationScheme: Bearer was not authenticated.
2024-04-15 20:09:48.4195|INFO|Microsoft.AspNetCore.Routing.EndpointMiddleware|Executing endpoint 'Prometheus metrics'
2024-04-15 20:09:48.4376|INFO|Microsoft.AspNetCore.Routing.EndpointMiddleware|Executed endpoint 'Prometheus metrics'
2024-04-15 20:09:48.4376|DEBUG|Microsoft.AspNetCore.Server.Kestrel.Connections|Connection id "0HN2TD7APRAJB" completed keep alive response.
2024-04-15 20:09:48.4376|INFO|Microsoft.AspNetCore.Hosting.Diagnostics|Request finished HTTP/1.1 GET http://localhost:5230/metrics - - - 200 - application/openmetrics-text;+version=1.0.0;+charset=utf-8 17.5210ms
2024-04-15 20:14:48.4615|DEBUG|Microsoft.AspNetCore.Server.Kestrel.Transport.Sockets|Connection id "0HN2TD7APRAJB" received FIN.
2024-04-15 20:14:48.5068|DEBUG|Microsoft.AspNetCore.Server.Kestrel.Transport.Sockets|Connection id "0HN2TD7APRAJB" sending FIN because: "The Socket transport's send loop completed gracefully."
2024-04-15 20:14:48.5180|DEBUG|Microsoft.AspNetCore.Server.Kestrel.Connections|Connection id "0HN2TD7APRAJB" disconnecting.
2024-04-15 20:14:48.5543|DEBUG|Microsoft.AspNetCore.Server.Kestrel.Connections|Connection id "0HN2TD7APRAJB" stopped.
2024-04-15 20:19:48.4122|DEBUG|Microsoft.AspNetCore.Server.Kestrel.Connections|Connection id "0HN2TD7APRAJC" accepted.
2024-04-15 20:19:48.4237|DEBUG|Microsoft.AspNetCore.Server.Kestrel.Connections|Connection id "0HN2TD7APRAJC" started.
2024-04-15 20:19:48.4336|INFO|Microsoft.AspNetCore.Hosting.Diagnostics|Request starting HTTP/1.1 GET http://localhost:5230/metrics - -
2024-04-15 20:19:48.4336|TRACE|Microsoft.AspNetCore.HostFiltering.HostFilteringMiddleware|All hosts are allowed.
2024-04-15 20:19:48.4336|DEBUG|Microsoft.AspNetCore.StaticFiles.StaticFileMiddleware|The request path  does not match the path filter
2024-04-15 20:19:48.4336|DEBUG|Microsoft.AspNetCore.Routing.Matching.DfaMatcher|1 candidate(s) found for the request path '/metrics'
2024-04-15 20:19:48.4336|DEBUG|Microsoft.AspNetCore.Routing.EndpointRoutingMiddleware|Request matched endpoint 'Prometheus metrics'
2024-04-15 20:19:48.4336|DEBUG|Microsoft.AspNetCore.Authentication.JwtBearer.JwtBearerHandler|AuthenticationScheme: Bearer was not authenticated.
2024-04-15 20:19:48.4336|INFO|Microsoft.AspNetCore.Routing.EndpointMiddleware|Executing endpoint 'Prometheus metrics'
2024-04-15 20:19:48.4494|INFO|Microsoft.AspNetCore.Routing.EndpointMiddleware|Executed endpoint 'Prometheus metrics'
2024-04-15 20:19:48.4494|DEBUG|Microsoft.AspNetCore.Server.Kestrel.Connections|Connection id "0HN2TD7APRAJC" completed keep alive response.
2024-04-15 20:19:48.4494|INFO|Microsoft.AspNetCore.Hosting.Diagnostics|Request finished HTTP/1.1 GET http://localhost:5230/metrics - - - 200 - application/openmetrics-text;+version=1.0.0;+charset=utf-8 16.2369ms
2024-04-15 20:24:48.4651|DEBUG|Microsoft.AspNetCore.Server.Kestrel.Transport.Sockets|Connection id "0HN2TD7APRAJC" received FIN.
2024-04-15 20:24:48.4819|DEBUG|Microsoft.AspNetCore.Server.Kestrel.Transport.Sockets|Connection id "0HN2TD7APRAJC" sending FIN because: "The Socket transport's send loop completed gracefully."
2024-04-15 20:24:48.4819|DEBUG|Microsoft.AspNetCore.Server.Kestrel.Connections|Connection id "0HN2TD7APRAJC" disconnecting.
2024-04-15 20:24:48.4819|DEBUG|Microsoft.AspNetCore.Server.Kestrel.Connections|Connection id "0HN2TD7APRAJC" stopped.
2024-04-15 20:29:48.4094|DEBUG|Microsoft.AspNetCore.Server.Kestrel.Connections|Connection id "0HN2TD7APRAJD" accepted.
2024-04-15 20:29:48.4221|DEBUG|Microsoft.AspNetCore.Server.Kestrel.Connections|Connection id "0HN2TD7APRAJD" started.
2024-04-15 20:29:48.4221|INFO|Microsoft.AspNetCore.Hosting.Diagnostics|Request starting HTTP/1.1 GET http://localhost:5230/metrics - -
2024-04-15 20:29:48.4221|TRACE|Microsoft.AspNetCore.HostFiltering.HostFilteringMiddleware|All hosts are allowed.
2024-04-15 20:29:48.4221|DEBUG|Microsoft.AspNetCore.StaticFiles.StaticFileMiddleware|The request path  does not match the path filter
2024-04-15 20:29:48.4221|DEBUG|Microsoft.AspNetCore.Routing.Matching.DfaMatcher|1 candidate(s) found for the request path '/metrics'
2024-04-15 20:29:48.4221|DEBUG|Microsoft.AspNetCore.Routing.EndpointRoutingMiddleware|Request matched endpoint 'Prometheus metrics'
2024-04-15 20:29:48.4221|DEBUG|Microsoft.AspNetCore.Authentication.JwtBearer.JwtBearerHandler|AuthenticationScheme: Bearer was not authenticated.
2024-04-15 20:29:48.4221|INFO|Microsoft.AspNetCore.Routing.EndpointMiddleware|Executing endpoint 'Prometheus metrics'
2024-04-15 20:29:48.4221|INFO|Microsoft.AspNetCore.Routing.EndpointMiddleware|Executed endpoint 'Prometheus metrics'
2024-04-15 20:29:48.4221|DEBUG|Microsoft.AspNetCore.Server.Kestrel.Connections|Connection id "0HN2TD7APRAJD" completed keep alive response.
2024-04-15 20:29:48.4221|INFO|Microsoft.AspNetCore.Hosting.Diagnostics|Request finished HTTP/1.1 GET http://localhost:5230/metrics - - - 200 - application/openmetrics-text;+version=1.0.0;+charset=utf-8 6.0721ms
2024-04-15 20:34:48.4428|DEBUG|Microsoft.AspNetCore.Server.Kestrel.Transport.Sockets|Connection id "0HN2TD7APRAJD" received FIN.
2024-04-15 20:34:48.4576|DEBUG|Microsoft.AspNetCore.Server.Kestrel.Transport.Sockets|Connection id "0HN2TD7APRAJD" sending FIN because: "The Socket transport's send loop completed gracefully."
2024-04-15 20:34:48.4576|DEBUG|Microsoft.AspNetCore.Server.Kestrel.Connections|Connection id "0HN2TD7APRAJD" disconnecting.
2024-04-15 20:34:48.4724|DEBUG|Microsoft.AspNetCore.Server.Kestrel.Connections|Connection id "0HN2TD7APRAJD" stopped.
2024-04-15 20:39:48.4095|DEBUG|Microsoft.AspNetCore.Server.Kestrel.Connections|Connection id "0HN2TD7APRAJE" accepted.
2024-04-15 20:39:48.4174|DEBUG|Microsoft.AspNetCore.Server.Kestrel.Connections|Connection id "0HN2TD7APRAJE" started.
2024-04-15 20:39:48.4174|INFO|Microsoft.AspNetCore.Hosting.Diagnostics|Request starting HTTP/1.1 GET http://localhost:5230/metrics - -
2024-04-15 20:39:48.4174|TRACE|Microsoft.AspNetCore.HostFiltering.HostFilteringMiddleware|All hosts are allowed.
2024-04-15 20:39:48.4174|DEBUG|Microsoft.AspNetCore.StaticFiles.StaticFileMiddleware|The request path  does not match the path filter
2024-04-15 20:39:48.4174|DEBUG|Microsoft.AspNetCore.Routing.Matching.DfaMatcher|1 candidate(s) found for the request path '/metrics'
2024-04-15 20:39:48.4174|DEBUG|Microsoft.AspNetCore.Routing.EndpointRoutingMiddleware|Request matched endpoint 'Prometheus metrics'
2024-04-15 20:39:48.4174|DEBUG|Microsoft.AspNetCore.Authentication.JwtBearer.JwtBearerHandler|AuthenticationScheme: Bearer was not authenticated.
2024-04-15 20:39:48.4174|INFO|Microsoft.AspNetCore.Routing.EndpointMiddleware|Executing endpoint 'Prometheus metrics'
2024-04-15 20:39:48.4174|INFO|Microsoft.AspNetCore.Routing.EndpointMiddleware|Executed endpoint 'Prometheus metrics'
2024-04-15 20:39:48.4174|DEBUG|Microsoft.AspNetCore.Server.Kestrel.Connections|Connection id "0HN2TD7APRAJE" completed keep alive response.
2024-04-15 20:39:48.4174|INFO|Microsoft.AspNetCore.Hosting.Diagnostics|Request finished HTTP/1.1 GET http://localhost:5230/metrics - - - 200 - application/openmetrics-text;+version=1.0.0;+charset=utf-8 9.3114ms
2024-04-15 20:44:48.4401|DEBUG|Microsoft.AspNetCore.Server.Kestrel.Transport.Sockets|Connection id "0HN2TD7APRAJE" received FIN.
2024-04-15 20:44:48.4549|DEBUG|Microsoft.AspNetCore.Server.Kestrel.Transport.Sockets|Connection id "0HN2TD7APRAJE" sending FIN because: "The Socket transport's send loop completed gracefully."
2024-04-15 20:44:48.4549|DEBUG|Microsoft.AspNetCore.Server.Kestrel.Connections|Connection id "0HN2TD7APRAJE" disconnecting.
2024-04-15 20:44:48.4549|DEBUG|Microsoft.AspNetCore.Server.Kestrel.Connections|Connection id "0HN2TD7APRAJE" stopped.
